app/build/intermediates/manifest_merge_blame_file/debug/manifest-merger-blame-debug-report.txt
1<?xml version="1.0" encoding="utf-8"?>
2<manifest xmlns:android="http://schemas.android.com/apk/res/android"
3    package="com.example.nike"
4    android:versionCode="1"
5    android:versionName="1.0" >
6
7    <uses-sdk
8        android:minSdkVersion="25"
9        android:targetSdkVersion="34" />
10
11    <permission
11-->[androidx.core:core:1.13.0] AndroidManifest.xml:22:5-24:47
12        android:name="com.example.nike.DYNAMIC_RECEIVER_NOT_EXPORTED_PERMISSION"
12-->[androidx.core:core:1.13.0] AndroidManifest.xml:23:9-81
13        android:protectionLevel="signature" />
13-->[androidx.core:core:1.13.0] AndroidManifest.xml:24:9-44
14
15    <uses-permission android:name="com.example.nike.DYNAMIC_RECEIVER_NOT_EXPORTED_PERMISSION" />
15-->[androidx.core:core:1.13.0] AndroidManifest.xml:26:5-97
15-->[androidx.core:core:1.13.0] AndroidManifest.xml:26:22-94
16
17    <application
17-->src\main\AndroidManifest.xml:5:5-49:19
18        android:allowBackup="true"
18-->src\main\AndroidManifest.xml:6:9-35
19        android:appComponentFactory="androidx.core.app.CoreComponentFactory"
19-->[androidx.core:core:1.13.0] AndroidManifest.xml:28:18-86
20        android:dataExtractionRules="@xml/data_extraction_rules"
20-->src\main\AndroidManifest.xml:7:9-65
21        android:debuggable="true"
22        android:extractNativeLibs="false"
23        android:fullBackupContent="@xml/backup_rules"
23-->src\main\AndroidManifest.xml:8:9-54
24        android:icon="@mipmap/ic_launcher"
24-->src\main\AndroidManifest.xml:9:9-43
25        android:label="@string/app_name"
25-->src\main\AndroidManifest.xml:10:9-41
26        android:roundIcon="@mipmap/ic_launcher_round"
26-->src\main\AndroidManifest.xml:11:9-54
27        android:supportsRtl="true"
27-->src\main\AndroidManifest.xml:12:9-35
28        android:testOnly="true"
29        android:theme="@style/Theme.AppCompat.Light.NoActionBar" >
29-->src\main\AndroidManifest.xml:13:9-65
30        <activity
30-->src\main\AndroidManifest.xml:15:9-17:40
31            android:name="com.example.nike.Activity.SignInActivity"
31-->src\main\AndroidManifest.xml:16:13-52
32            android:exported="false" />
32-->src\main\AndroidManifest.xml:17:13-37
33        <activity
33-->src\main\AndroidManifest.xml:19:9-21:40
34            android:name="com.example.nike.Activity.SignUpActivity"
34-->src\main\AndroidManifest.xml:20:13-52
35            android:exported="false" />
35-->src\main\AndroidManifest.xml:21:13-37
36        <activity
36-->src\main\AndroidManifest.xml:22:9-24:40
37            android:name="com.example.nike.Activity.ForgetPasswordActivity"
37-->src\main\AndroidManifest.xml:23:13-60
38            android:exported="false" />
38-->src\main\AndroidManifest.xml:24:13-37
39        <activity
39-->src\main\AndroidManifest.xml:25:9-27:40
40            android:name="com.example.nike.Activity.SplashActivity"
40-->src\main\AndroidManifest.xml:26:13-52
41            android:exported="false" />
41-->src\main\AndroidManifest.xml:27:13-37
42        <activity
42-->src\main\AndroidManifest.xml:28:9-30:40
43            android:name="com.example.nike.Activity.WaitActivity"
43-->src\main\AndroidManifest.xml:29:13-50
44            android:exported="false" />
44-->src\main\AndroidManifest.xml:30:13-37
45        <activity
45-->src\main\AndroidManifest.xml:31:9-33:40
46            android:name="com.example.nike.Activity.SettingActivity"
46-->src\main\AndroidManifest.xml:32:13-53
47            android:exported="false" />
47-->src\main\AndroidManifest.xml:33:13-37
48        <activity
48-->src\main\AndroidManifest.xml:34:9-36:40
49            android:name="com.example.nike.Activity.CartActivity"
49-->src\main\AndroidManifest.xml:35:13-50
50            android:exported="false" />
50-->src\main\AndroidManifest.xml:36:13-37
51        <activity
51-->src\main\AndroidManifest.xml:37:9-39:40
52            android:name="com.example.nike.Activity.SearchActivity"
52-->src\main\AndroidManifest.xml:38:13-52
53            android:exported="false" />
53-->src\main\AndroidManifest.xml:39:13-37
54        <activity
54-->src\main\AndroidManifest.xml:40:9-48:20
55            android:name="com.example.nike.Activity.TrangChuActivity"
55-->src\main\AndroidManifest.xml:41:13-54
56            android:exported="true" >
56-->src\main\AndroidManifest.xml:42:13-36
57            <intent-filter>
57-->src\main\AndroidManifest.xml:43:13-47:29
58                <action android:name="android.intent.action.MAIN" />
58-->src\main\AndroidManifest.xml:44:17-69
58-->src\main\AndroidManifest.xml:44:25-66
59
60                <category android:name="android.intent.category.LAUNCHER" />
60-->src\main\AndroidManifest.xml:46:17-77
60-->src\main\AndroidManifest.xml:46:27-74
61            </intent-filter>
62        </activity>
63
64        <provider
64-->[androidx.emoji2:emoji2:1.3.0] AndroidManifest.xml:24:9-32:20
65            android:name="androidx.startup.InitializationProvider"
65-->[androidx.emoji2:emoji2:1.3.0] AndroidManifest.xml:25:13-67
66            android:authorities="com.example.nike.androidx-startup"
66-->[androidx.emoji2:emoji2:1.3.0] AndroidManifest.xml:26:13-68
67            android:exported="false" >
67-->[androidx.emoji2:emoji2:1.3.0] AndroidManifest.xml:27:13-37
68            <meta-data
68-->[androidx.emoji2:emoji2:1.3.0] AndroidManifest.xml:29:13-31:52
69                android:name="androidx.emoji2.text.EmojiCompatInitializer"
69-->[androidx.emoji2:emoji2:1.3.0] AndroidManifest.xml:30:17-75
70                android:value="androidx.startup" />
70-->[androidx.emoji2:emoji2:1.3.0] AndroidManifest.xml:31:17-49
71            <meta-data
71-->[androidx.lifecycle:lifecycle-process:2.6.2] AndroidManifest.xml:29:13-31:52
72                android:name="androidx.lifecycle.ProcessLifecycleInitializer"
72-->[androidx.lifecycle:lifecycle-process:2.6.2] AndroidManifest.xml:30:17-78
73                android:value="androidx.startup" />
73-->[androidx.lifecycle:lifecycle-process:2.6.2] AndroidManifest.xml:31:17-49
74            <meta-data
74-->[androidx.profileinstaller:profileinstaller:1.4.0] AndroidManifest.xml:29:13-31:52
75                android:name="androidx.profileinstaller.ProfileInstallerInitializer"
75-->[androidx.profileinstaller:profileinstaller:1.4.0] AndroidManifest.xml:30:17-85
76                android:value="androidx.startup" />
76-->[androidx.profileinstaller:profileinstaller:1.4.0] AndroidManifest.xml:31:17-49
77        </provider>
78
79        <receiver
79-->[androidx.profileinstaller:profileinstaller:1.4.0] AndroidManifest.xml:34:9-52:20
80            android:name="androidx.profileinstaller.ProfileInstallReceiver"
80-->[androidx.profileinstaller:profileinstaller:1.4.0] AndroidManifest.xml:35:13-76
81            android:directBootAware="false"
81-->[androidx.profileinstaller:profileinstaller:1.4.0] AndroidManifest.xml:36:13-44
82            android:enabled="true"
82-->[androidx.profileinstaller:profileinstaller:1.4.0] AndroidManifest.xml:37:13-35
83            android:exported="true"
83-->[androidx.profileinstaller:profileinstaller:1.4.0] AndroidManifest.xml:38:13-36
84            android:permission="android.permission.DUMP" >
84-->[androidx.profileinstaller:profileinstaller:1.4.0] AndroidManifest.xml:39:13-57
85            <intent-filter>
85-->[androidx.profileinstaller:profileinstaller:1.4.0] AndroidManifest.xml:40:13-42:29
86                <action android:name="androidx.profileinstaller.action.INSTALL_PROFILE" />
86-->[androidx.profileinstaller:profileinstaller:1.4.0] AndroidManifest.xml:41:17-91
86-->[androidx.profileinstaller:profileinstaller:1.4.0] AndroidManifest.xml:41:25-88
87            </intent-filter>
88            <intent-filter>
88-->[androidx.profileinstaller:profileinstaller:1.4.0] AndroidManifest.xml:43:13-45:29
89                <action android:name="androidx.profileinstaller.action.SKIP_FILE" />
89-->[androidx.profileinstaller:profileinstaller:1.4.0] AndroidManifest.xml:44:17-85
89-->[androidx.profileinstaller:profileinstaller:1.4.0] AndroidManifest.xml:44:25-82
90            </intent-filter>
91            <intent-filter>
91-->[androidx.profileinstaller:profileinstaller:1.4.0] AndroidManifest.xml:46:13-48:29
92                <action android:name="androidx.profileinstaller.action.SAVE_PROFILE" />
92-->[androidx.profileinstaller:profileinstaller:1.4.0] AndroidManifest.xml:47:17-88
92-->[androidx.profileinstaller:profileinstaller:1.4.0] AndroidManifest.xml:47:25-85
93            </intent-filter>
94            <intent-filter>
94-->[androidx.profileinstaller:profileinstaller:1.4.0] AndroidManifest.xml:49:13-51:29
95                <action android:name="androidx.profileinstaller.action.BENCHMARK_OPERATION" />
95-->[androidx.profileinstaller:profileinstaller:1.4.0] AndroidManifest.xml:50:17-95
95-->[androidx.profileinstaller:profileinstaller:1.4.0] AndroidManifest.xml:50:25-92
96            </intent-filter>
97        </receiver>
98    </application>
99
100</manifest>